<?xml version="1.0" encoding="UTF-8"?>
<!-- Generated by org.testng.reporters.JUnitXMLReporter -->
<testsuite ignored="0" hostname="LAPTOP-LSUFQOCB" failures="0" tests="10" name="Surefire test" time="28.723" errors="0" timestamp="2024-05-01T22:01:16 IST">
  <testcase classname="api.test.DDTests" name="testPostUser" time="5.403"/>
  <testcase classname="api.test.DDTests" name="testPostUser" time="1.931"/>
  <testcase classname="api.test.DDTests" name="testPostUser" time="1.823"/>
  <testcase classname="api.test.DDTests" name="testDeleteUserByName" time="1.765"/>
  <testcase classname="api.test.DDTests" name="testDeleteUserByName" time="2.067"/>
  <testcase classname="api.test.DDTests" name="testDeleteUserByName" time="1.635"/>
  <testcase classname="api.test.UserTests" name="testPostUser" time="1.605"/>
  <testcase classname="api.test.UserTests" name="testgetUserName" time="1.78"/>
  <testcase classname="api.test.UserTests" name="testUpdateUser" time="3.455"/>
  <testcase classname="api.test.UserTests" name="testDeleteUserByName" time="3.613"/>
</testsuite> <!-- Surefire test -->
