<?xml version="1.0" encoding="UTF-8"?>
<!-- Generated by org.testng.reporters.JUnitXMLReporter -->
<testsuite ignored="0" hostname="LAPTOP-LSUFQOCB" failures="0" tests="4" name="Default test" time="12.966" errors="0" timestamp="2024-05-01T17:51:38 IST">
  <testcase classname="api.test.UserTests" name="testPostUser" time="4.633"/>
  <testcase classname="api.test.UserTests" name="testgetUserName" time="1.342"/>
  <testcase classname="api.test.UserTests" name="testUpdateUser" time="2.662"/>
  <testcase classname="api.test.UserTests" name="testDeleteUserByName" time="2.585"/>
</testsuite> <!-- Default test -->
