<?xml version="1.0" encoding="UTF-8"?>
<testng-results ignored="0" total="10" passed="10" failed="0" skipped="0">
  <reporter-output>
  </reporter-output>
  <suite started-at="2024-05-01T22:00:47 IST" name="Surefire suite" finished-at="2024-05-01T22:01:16 IST" duration-ms="28723">
    <groups>
    </groups>
    <test started-at="2024-05-01T22:00:47 IST" name="Surefire test" finished-at="2024-05-01T22:01:16 IST" duration-ms="28723">
      <class name="api.test.UserTests">
        <test-method is-config="true" signature="setup()[pri:0, instance:api.test.UserTests@20d28811]" started-at="2024-05-01T22:01:05 IST" name="setup" finished-at="2024-05-01T22:01:05 IST" duration-ms="296" status="PASS">
          <reporter-output>
          </reporter-output>
        </test-method> <!-- setup -->
        <test-method signature="testPostUser()[pri:1, instance:api.test.UserTests@20d28811]" started-at="2024-05-01T22:01:05 IST" name="testPostUser" finished-at="2024-05-01T22:01:07 IST" duration-ms="1605" status="PASS">
          <reporter-output>
          </reporter-output>
        </test-method> <!-- testPostUser -->
        <test-method signature="testgetUserName()[pri:2, instance:api.test.UserTests@20d28811]" started-at="2024-05-01T22:01:07 IST" name="testgetUserName" finished-at="2024-05-01T22:01:09 IST" duration-ms="1780" status="PASS">
          <reporter-output>
          </reporter-output>
        </test-method> <!-- testgetUserName -->
        <test-method signature="testUpdateUser()[pri:3, instance:api.test.UserTests@20d28811]" started-at="2024-05-01T22:01:09 IST" name="testUpdateUser" finished-at="2024-05-01T22:01:12 IST" duration-ms="3455" status="PASS">
          <reporter-output>
          </reporter-output>
        </test-method> <!-- testUpdateUser -->
        <test-method signature="testDeleteUserByName()[pri:4, instance:api.test.UserTests@20d28811]" started-at="2024-05-01T22:01:12 IST" name="testDeleteUserByName" finished-at="2024-05-01T22:01:16 IST" duration-ms="3613" status="PASS">
          <reporter-output>
          </reporter-output>
        </test-method> <!-- testDeleteUserByName -->
      </class> <!-- api.test.UserTests -->
      <class name="api.test.DDTests">
        <test-method signature="testPostUser(java.lang.String,java.lang.String,java.lang.String,java.lang.String,java.lang.String,java.lang.String,java.lang.String)[pri:1, instance:api.test.DDTests@147ed70f]" started-at="2024-05-01T22:00:50 IST" name="testPostUser" data-provider="Data" finished-at="2024-05-01T22:00:56 IST" duration-ms="5403" status="PASS">
          <params>
            <param index="0">
              <value>
                <![CDATA[1010]]>
              </value>
            </param>
            <param index="1">
              <value>
                <![CDATA[testuser1]]>
              </value>
            </param>
            <param index="2">
              <value>
                <![CDATA[Anil]]>
              </value>
            </param>
            <param index="3">
              <value>
                <![CDATA[Pal]]>
              </value>
            </param>
            <param index="4">
              <value>
                <![CDATA[Anil.Pal@gmail.com]]>
              </value>
            </param>
            <param index="5">
              <value>
                <![CDATA[test@1]]>
              </value>
            </param>
            <param index="6">
              <value>
                <![CDATA[258741963]]>
              </value>
            </param>
          </params>
          <reporter-output>
          </reporter-output>
        </test-method> <!-- testPostUser -->
        <test-method signature="testPostUser(java.lang.String,java.lang.String,java.lang.String,java.lang.String,java.lang.String,java.lang.String,java.lang.String)[pri:1, instance:api.test.DDTests@147ed70f]" started-at="2024-05-01T22:00:56 IST" name="testPostUser" data-provider="Data" finished-at="2024-05-01T22:00:58 IST" duration-ms="1931" status="PASS">
          <params>
            <param index="0">
              <value>
                <![CDATA[1020]]>
              </value>
            </param>
            <param index="1">
              <value>
                <![CDATA[testuser2]]>
              </value>
            </param>
            <param index="2">
              <value>
                <![CDATA[Sunil]]>
              </value>
            </param>
            <param index="3">
              <value>
                <![CDATA[Singh]]>
              </value>
            </param>
            <param index="4">
              <value>
                <![CDATA[Sunil.Singh@Gmail.com]]>
              </value>
            </param>
            <param index="5">
              <value>
                <![CDATA[test@2]]>
              </value>
            </param>
            <param index="6">
              <value>
                <![CDATA[963852741]]>
              </value>
            </param>
          </params>
          <reporter-output>
          </reporter-output>
        </test-method> <!-- testPostUser -->
        <test-method signature="testPostUser(java.lang.String,java.lang.String,java.lang.String,java.lang.String,java.lang.String,java.lang.String,java.lang.String)[pri:1, instance:api.test.DDTests@147ed70f]" started-at="2024-05-01T22:00:58 IST" name="testPostUser" data-provider="Data" finished-at="2024-05-01T22:00:59 IST" duration-ms="1823" status="PASS">
          <params>
            <param index="0">
              <value>
                <![CDATA[1030]]>
              </value>
            </param>
            <param index="1">
              <value>
                <![CDATA[testuser3]]>
              </value>
            </param>
            <param index="2">
              <value>
                <![CDATA[Vakil]]>
              </value>
            </param>
            <param index="3">
              <value>
                <![CDATA[Court]]>
              </value>
            </param>
            <param index="4">
              <value>
                <![CDATA[Vakil.Court@Yahoo.com]]>
              </value>
            </param>
            <param index="5">
              <value>
                <![CDATA[test@3]]>
              </value>
            </param>
            <param index="6">
              <value>
                <![CDATA[741258963]]>
              </value>
            </param>
          </params>
          <reporter-output>
          </reporter-output>
        </test-method> <!-- testPostUser -->
        <test-method signature="testDeleteUserByName(java.lang.String)[pri:2, instance:api.test.DDTests@147ed70f]" started-at="2024-05-01T22:01:00 IST" name="testDeleteUserByName" data-provider="UserNames" finished-at="2024-05-01T22:01:01 IST" duration-ms="1765" status="PASS">
          <params>
            <param index="0">
              <value>
                <![CDATA[testuser1]]>
              </value>
            </param>
          </params>
          <reporter-output>
          </reporter-output>
        </test-method> <!-- testDeleteUserByName -->
        <test-method signature="testDeleteUserByName(java.lang.String)[pri:2, instance:api.test.DDTests@147ed70f]" started-at="2024-05-01T22:01:01 IST" name="testDeleteUserByName" data-provider="UserNames" finished-at="2024-05-01T22:01:03 IST" duration-ms="2067" status="PASS">
          <params>
            <param index="0">
              <value>
                <![CDATA[testuser2]]>
              </value>
            </param>
          </params>
          <reporter-output>
          </reporter-output>
        </test-method> <!-- testDeleteUserByName -->
        <test-method signature="testDeleteUserByName(java.lang.String)[pri:2, instance:api.test.DDTests@147ed70f]" started-at="2024-05-01T22:01:03 IST" name="testDeleteUserByName" data-provider="UserNames" finished-at="2024-05-01T22:01:05 IST" duration-ms="1635" status="PASS">
          <params>
            <param index="0">
              <value>
                <![CDATA[testuser3]]>
              </value>
            </param>
          </params>
          <reporter-output>
          </reporter-output>
        </test-method> <!-- testDeleteUserByName -->
      </class> <!-- api.test.DDTests -->
    </test> <!-- Surefire test -->
  </suite> <!-- Surefire suite -->
</testng-results>
