<?xml version="1.0" encoding="UTF-8"?>
<!-- Generated by org.testng.reporters.JUnitXMLReporter -->
<testsuite ignored="0" hostname="LAPTOP-LSUFQOCB" failures="0" tests="4" name="PetTests" time="13.407" errors="0" timestamp="2024-05-01T21:58:38 IST">
  <testcase classname="api.test.UserTests2" name="testPostUser" time="5.11"/>
  <testcase classname="api.test.UserTests2" name="testGetUserByName" time="1.942"/>
  <testcase classname="api.test.UserTests2" name="testUpdateUserByName" time="3.136"/>
  <testcase classname="api.test.UserTests2" name="testDeleteUserByName" time="1.604"/>
</testsuite> <!-- PetTests -->
